0 info it worked if it ends with ok
1 verbose cli [ 'node', '/usr/local/bin/npm', 'install', 'ws', '--save' ]
2 info using npm@1.4.28
3 info using node@v0.10.33
4 warn package.json celeb@1.0.0 No description
5 warn package.json celeb@1.0.0 No repository field.
6 warn package.json celeb@1.0.0 No README data
7 verbose readDependencies using package.json deps
8 verbose cache add [ 'ws', null ]
9 verbose cache add name=undefined spec="ws" args=["ws",null]
10 verbose parsed url { protocol: null,
10 verbose parsed url   slashes: null,
10 verbose parsed url   auth: null,
10 verbose parsed url   host: null,
10 verbose parsed url   port: null,
10 verbose parsed url   hostname: null,
10 verbose parsed url   hash: null,
10 verbose parsed url   search: null,
10 verbose parsed url   query: null,
10 verbose parsed url   pathname: 'ws',
10 verbose parsed url   path: 'ws',
10 verbose parsed url   href: 'ws' }
11 silly lockFile 1457b75d-ws ws
12 verbose lock ws /Users/willwilcox/.npm/1457b75d-ws.lock
13 silly lockFile 1457b75d-ws ws
14 silly lockFile 1457b75d-ws ws
15 verbose addNamed [ 'ws', '' ]
16 verbose addNamed [ null, '*' ]
17 silly lockFile e88fe629-ws ws@
18 verbose lock ws@ /Users/willwilcox/.npm/e88fe629-ws.lock
19 silly addNameRange { name: 'ws', range: '*', hasData: false }
20 verbose request where is /ws
21 verbose request registry https://registry.npmjs.org/
22 verbose request id d0867a5a420aa84b
23 verbose url raw /ws
24 verbose url resolving [ 'https://registry.npmjs.org/', './ws' ]
25 verbose url resolved https://registry.npmjs.org/ws
26 verbose request where is https://registry.npmjs.org/ws
27 info trying registry request attempt 1 at 14:31:57
28 verbose etag "84EAIZAKF51Q09TBDUCUTUY2Z"
29 http GET https://registry.npmjs.org/ws
30 http 200 https://registry.npmjs.org/ws
31 silly registry.get cb [ 200,
31 silly registry.get   { date: 'Thu, 22 Jan 2015 19:31:58 GMT',
31 silly registry.get     server: 'CouchDB/1.5.0 (Erlang OTP/R16B03)',
31 silly registry.get     etag: '"1RSRB4U11V2O68IZNMD2665OR"',
31 silly registry.get     'content-type': 'application/json',
31 silly registry.get     'cache-control': 'max-age=60',
31 silly registry.get     'content-length': '68831',
31 silly registry.get     'accept-ranges': 'bytes',
31 silly registry.get     via: '1.1 varnish',
31 silly registry.get     age: '45',
31 silly registry.get     'x-served-by': 'cache-atl6229-ATL',
31 silly registry.get     'x-cache': 'HIT',
31 silly registry.get     'x-cache-hits': '3',
31 silly registry.get     'x-timer': 'S1421955118.441917,VS0,VE0',
31 silly registry.get     vary: 'Accept',
31 silly registry.get     'keep-alive': 'timeout=10, max=50',
31 silly registry.get     connection: 'Keep-Alive' } ]
32 silly addNameRange number 2 { name: 'ws', range: '*', hasData: true }
33 silly addNameRange versions [ 'ws',
33 silly addNameRange   [ '0.2.6',
33 silly addNameRange     '0.2.8',
33 silly addNameRange     '0.2.9',
33 silly addNameRange     '0.3.0',
33 silly addNameRange     '0.3.1',
33 silly addNameRange     '0.3.2',
33 silly addNameRange     '0.3.3',
33 silly addNameRange     '0.3.4',
33 silly addNameRange     '0.3.4-2',
33 silly addNameRange     '0.3.5',
33 silly addNameRange     '0.3.5-2',
33 silly addNameRange     '0.3.5-3',
33 silly addNameRange     '0.3.5-4',
33 silly addNameRange     '0.3.6',
33 silly addNameRange     '0.3.7',
33 silly addNameRange     '0.3.8',
33 silly addNameRange     '0.3.9',
33 silly addNameRange     '0.4.0',
33 silly addNameRange     '0.4.1',
33 silly addNameRange     '0.4.2',
33 silly addNameRange     '0.4.3',
33 silly addNameRange     '0.4.5',
33 silly addNameRange     '0.4.6',
33 silly addNameRange     '0.4.7',
33 silly addNameRange     '0.4.8',
33 silly addNameRange     '0.4.9',
33 silly addNameRange     '0.4.10',
33 silly addNameRange     '0.4.11',
33 silly addNameRange     '0.4.12',
33 silly addNameRange     '0.4.13',
33 silly addNameRange     '0.4.14',
33 silly addNameRange     '0.4.15',
33 silly addNameRange     '0.4.16',
33 silly addNameRange     '0.4.17',
33 silly addNameRange     '0.4.18',
33 silly addNameRange     '0.4.19',
33 silly addNameRange     '0.4.20',
33 silly addNameRange     '0.4.21',
33 silly addNameRange     '0.4.22',
33 silly addNameRange     '0.4.23',
33 silly addNameRange     '0.4.24',
33 silly addNameRange     '0.4.25',
33 silly addNameRange     '0.4.27',
33 silly addNameRange     '0.4.28',
33 silly addNameRange     '0.4.29',
33 silly addNameRange     '0.4.30',
33 silly addNameRange     '0.4.31',
33 silly addNameRange     '0.4.32',
33 silly addNameRange     '0.5.0',
33 silly addNameRange     '0.6.0',
33 silly addNameRange     '0.6.1',
33 silly addNameRange     '0.6.2',
33 silly addNameRange     '0.6.3',
33 silly addNameRange     '0.6.4',
33 silly addNameRange     '0.6.5',
33 silly addNameRange     '0.7.0' ] ]
34 verbose addNamed [ 'ws', '0.7.0' ]
35 verbose addNamed [ '0.7.0', '0.7.0' ]
36 silly lockFile 5a319780-ws-0-7-0 ws@0.7.0
37 verbose lock ws@0.7.0 /Users/willwilcox/.npm/5a319780-ws-0-7-0.lock
38 silly lockFile b5a6f621-gistry-npmjs-org-ws-ws-0-7-0-tgz https://registry.npmjs.org/ws/-/ws-0.7.0.tgz
39 verbose lock https://registry.npmjs.org/ws/-/ws-0.7.0.tgz /Users/willwilcox/.npm/b5a6f621-gistry-npmjs-org-ws-ws-0-7-0-tgz.lock
40 verbose addRemoteTarball [ 'https://registry.npmjs.org/ws/-/ws-0.7.0.tgz',
40 verbose addRemoteTarball   'd215f9f8350a40d78c72810c59aa99d67a8504e6' ]
41 info retry fetch attempt 1 at 14:31:58
42 verbose fetch to= /var/folders/8y/p19rpf2d5lqd0lk3430ljjkm0000gn/T/npm-16832-QBnqqHRH/registry.npmjs.org/ws/-/ws-0.7.0.tgz
43 http GET https://registry.npmjs.org/ws/-/ws-0.7.0.tgz
44 http 200 https://registry.npmjs.org/ws/-/ws-0.7.0.tgz
45 silly lockFile b5a6f621-gistry-npmjs-org-ws-ws-0-7-0-tgz https://registry.npmjs.org/ws/-/ws-0.7.0.tgz
46 silly lockFile b5a6f621-gistry-npmjs-org-ws-ws-0-7-0-tgz https://registry.npmjs.org/ws/-/ws-0.7.0.tgz
47 silly lockFile 5a319780-ws-0-7-0 ws@0.7.0
48 silly lockFile 5a319780-ws-0-7-0 ws@0.7.0
49 silly lockFile e88fe629-ws ws@
50 silly lockFile e88fe629-ws ws@
51 error Error: EACCES, mkdir '/Users/willwilcox/.npm/ws/0.7.0'
51 error  { [Error: EACCES, mkdir '/Users/willwilcox/.npm/ws/0.7.0']
51 error   errno: 3,
51 error   code: 'EACCES',
51 error   path: '/Users/willwilcox/.npm/ws/0.7.0',
51 error   parent: 'celeb' }
52 error Please try running this command again as root/Administrator.
53 error System Darwin 14.0.0
54 error command "node" "/usr/local/bin/npm" "install" "ws" "--save"
55 error cwd /Users/willwilcox/wdi/w08/d03/celeb
56 error node -v v0.10.33
57 error npm -v 1.4.28
58 error path /Users/willwilcox/.npm/ws/0.7.0
59 error code EACCES
60 error errno 3
61 error stack Error: EACCES, mkdir '/Users/willwilcox/.npm/ws/0.7.0'
62 verbose exit [ 3, true ]
